<?xml version="1.0" encoding="UTF-8"?>
<testng-results skipped="0" failed="0" total="1" passed="1">
  <reporter-output>
  </reporter-output>
  <suite name="Regression Suit" duration-ms="74853" started-at="2019-12-02T13:41:24Z" finished-at="2019-12-02T13:42:39Z">
    <groups>
    </groups>
    <test name="Login test_CH" duration-ms="74853" started-at="2019-12-02T13:41:24Z" finished-at="2019-12-02T13:42:39Z">
      <class name="testJenkins.testJenkins.AppTest">
        <test-method status="PASS" signature="Jtest()[pri:0, instance:testJenkins.testJenkins.AppTest@49e4cb85]" name="Jtest" duration-ms="74822" started-at="2019-12-02T19:11:24Z" finished-at="2019-12-02T19:12:39Z">
          <reporter-output>
          </reporter-output>
        </test-method> <!-- Jtest -->
      </class> <!-- testJenkins.testJenkins.AppTest -->
    </test> <!-- Login test_CH -->
  </suite> <!-- Regression Suit -->
</testng-results>
